<?xml version="1.0" encoding="UTF-8"?>
<!-- Generated by org.testng.reporters.JUnitReportReporter -->
<testsuite skipped="0" hostname="DESKTOP-L0JN92J" name="Sample1.Chekonese" tests="1" failures="0" timestamp="08 Jun 2019 12:23:11 GMT" time="0.719" errors="0">
  <testcase name="qqqq" time="0.719" classname="Sample1.Chekonese"/>
</testsuite> <!-- Sample1.Chekonese -->
