<?xml version="1.0" encoding="UTF-8"?>
<!-- Generated by org.testng.reporters.JUnitReportReporter -->
<testsuite skipped="0" hostname="DESKTOP-L0JN92J" name="Sample1.NewWindiws" tests="1" failures="0" timestamp="09 Jun 2019 12:33:00 GMT" time="6.717" errors="0">
  <testcase name="chromenew" time="6.717" classname="Sample1.NewWindiws"/>
</testsuite> <!-- Sample1.NewWindiws -->
