<?xml version="1.0" encoding="UTF-8"?>
<!-- Generated by org.testng.reporters.JUnitReportReporter -->
<testsuite skipped="0" hostname="DESKTOP-L0JN92J" name="Sample1.TestCase1" tests="2" failures="0" timestamp="09 Jun 2019 12:01:49 GMT" time="14.033" errors="0">
  <testcase name="test1" time="9.660" classname="Sample1.TestCase1"/>
  <testcase name="test2checkbox" time="4.373" classname="Sample1.TestCase1"/>
</testsuite> <!-- Sample1.TestCase1 -->
