<?xml version="1.0" encoding="UTF-8"?>
<!-- Generated by org.testng.reporters.JUnitReportReporter -->
<testsuite skipped="0" hostname="DESKTOP-L0JN92J" name="Sample1.WindowsHandle" tests="1" failures="0" timestamp="09 Jun 2019 12:15:43 GMT" time="25.216" errors="0">
  <testcase name="testMultipleWindows" time="25.216" classname="Sample1.WindowsHandle"/>
</testsuite> <!-- Sample1.WindowsHandle -->
